2025-06-10 10:47:24.309 [1000-ptbflaAdapter] WARN  pt.unl.fct.di.novasys.babel.core.GenericProtocol - Discarding unexpected reply (id 601): pt.unl.fct.di.novasys.babel.protocols.storage.replies.CreateKeySpaceReply@6e366aa4
2025-06-10 10:47:24.319 [1000-ptbflaAdapter] WARN  pt.unl.fct.di.novasys.babel.core.GenericProtocol - Discarding unexpected reply (id 602): pt.unl.fct.di.novasys.babel.protocols.storage.replies.CreateCollectionReply@41e37c66
2025-06-10 10:47:24.879 [main] WARN  Main - Server started on http://192.168.1.121:8080/
2025-06-10 10:48:28.377 [1000-ptbflaAdapter] WARN  pt.unl.fct.di.novasys.babel.core.GenericProtocol - Discarding unexpected reply (id 608): pt.unl.fct.di.novasys.babel.protocols.storage.replies.ExecuteStatusReply@288fbffa
2025-06-10 10:48:28.399 [qtp1566099239-61] WARN  org.eclipse.jetty.ee10.servlet.ServletChannel - /rest/adapter/systemStartup
jakarta.servlet.ServletException: java.lang.NullPointerException: Cannot invoke "java.util.concurrent.atomic.AtomicBoolean.getAcquire()" because "this.executing" is null
	at org.glassfish.jersey.servlet.WebComponent.serviceImpl(WebComponent.java:435) ~[nimbus-presentation.jar:?]
	at org.glassfish.jersey.servlet.WebComponent.service(WebComponent.java:372) ~[nimbus-presentation.jar:?]
	at org.glassfish.jersey.servlet.ServletContainer.service(ServletContainer.java:358) ~[nimbus-presentation.jar:?]
	at org.glassfish.jersey.servlet.ServletContainer.service(ServletContainer.java:312) ~[nimbus-presentation.jar:?]
	at org.glassfish.jersey.servlet.ServletContainer.service(ServletContainer.java:205) ~[nimbus-presentation.jar:?]
	at org.eclipse.jetty.ee10.servlet.ServletHolder.handle(ServletHolder.java:736) ~[nimbus-presentation.jar:?]
	at org.eclipse.jetty.ee10.servlet.ServletHandler$ChainEnd.doFilter(ServletHandler.java:1608) ~[nimbus-presentation.jar:?]
	at org.eclipse.jetty.ee10.websocket.servlet.WebSocketUpgradeFilter.doFilter(WebSocketUpgradeFilter.java:195) ~[nimbus-presentation.jar:?]
	at org.eclipse.jetty.ee10.servlet.FilterHolder.doFilter(FilterHolder.java:205) ~[nimbus-presentation.jar:?]
	at org.eclipse.jetty.ee10.servlet.ServletHandler$Chain.doFilter(ServletHandler.java:1580) ~[nimbus-presentation.jar:?]
	at org.eclipse.jetty.ee10.servlet.ServletHandler$MappedServlet.handle(ServletHandler.java:1541) ~[nimbus-presentation.jar:?]
	at org.eclipse.jetty.ee10.servlet.ServletChannel$RequestDispatchable.dispatch(ServletChannel.java:910) ~[nimbus-presentation.jar:?]
	at org.eclipse.jetty.ee10.servlet.ServletChannel.dispatch(ServletChannel.java:686) ~[nimbus-presentation.jar:?]
	at org.eclipse.jetty.ee10.servlet.ServletChannel.handle(ServletChannel.java:483) ~[nimbus-presentation.jar:?]
	at org.eclipse.jetty.ee10.servlet.ServletHandler.handle(ServletHandler.java:463) ~[nimbus-presentation.jar:?]
	at org.eclipse.jetty.ee10.servlet.SessionHandler.handle(SessionHandler.java:663) ~[nimbus-presentation.jar:?]
	at org.eclipse.jetty.server.handler.ContextHandler.handle(ContextHandler.java:808) ~[nimbus-presentation.jar:?]
	at org.eclipse.jetty.server.Handler$Wrapper.handle(Handler.java:596) ~[nimbus-presentation.jar:?]
	at org.eclipse.jetty.server.Server.handle(Server.java:177) ~[nimbus-presentation.jar:?]
	at org.eclipse.jetty.server.internal.HttpChannelState$HandlerInvoker.run(HttpChannelState.java:651) ~[nimbus-presentation.jar:?]
	at org.eclipse.jetty.server.internal.HttpConnection.onFillable(HttpConnection.java:480) ~[nimbus-presentation.jar:?]
	at org.eclipse.jetty.io.AbstractConnection$ReadCallback.succeeded(AbstractConnection.java:322) ~[nimbus-presentation.jar:?]
	at org.eclipse.jetty.io.FillInterest.fillable(FillInterest.java:100) ~[nimbus-presentation.jar:?]
	at org.eclipse.jetty.io.SelectableChannelEndPoint$1.run(SelectableChannelEndPoint.java:53) ~[nimbus-presentation.jar:?]
	at org.eclipse.jetty.util.thread.QueuedThreadPool.runJob(QueuedThreadPool.java:969) ~[nimbus-presentation.jar:?]
	at org.eclipse.jetty.util.thread.QueuedThreadPool$Runner.doRunJob(QueuedThreadPool.java:1194) ~[nimbus-presentation.jar:?]
	at org.eclipse.jetty.util.thread.QueuedThreadPool$Runner.run(QueuedThreadPool.java:1149) ~[nimbus-presentation.jar:?]
	at java.lang.Thread.run(Thread.java:1583) [?:?]
Caused by: java.lang.NullPointerException: Cannot invoke "java.util.concurrent.atomic.AtomicBoolean.getAcquire()" because "this.executing" is null
	at protocols.application.utils.DataDissemination.DataDisseminationApp.sendUserMessage(DataDisseminationApp.java:78) ~[nimbus-presentation.jar:?]
	at protocols.application.utils.DataDissemination.SimpleUseCase.sendUserMessage(SimpleUseCase.java:117) ~[nimbus-presentation.jar:?]
	at protocols.application.Adapter.systemStartup(Adapter.java:299) ~[nimbus-presentation.jar:?]
	at protocols.application.Adapter.createAsync(Adapter.java:125) ~[nimbus-presentation.jar:?]
	at pt.unl.di.novasys.babel.webservices.application.GenericWebServiceProtocol.create(GenericWebServiceProtocol.java:180) ~[nimbus-presentation.jar:?]
	at pt.unl.di.novasys.babel.webservices.GenericWebAPI.sendRequest(GenericWebAPI.java:93) ~[nimbus-presentation.jar:?]
	at rest.AdapterREST.addNode(AdapterREST.java:58) ~[nimbus-presentation.jar:?]
	at jdk.internal.reflect.DirectMethodHandleAccessor.invoke(DirectMethodHandleAccessor.java:103) ~[?:?]
	at java.lang.reflect.Method.invoke(Method.java:580) ~[?:?]
	at org.glassfish.jersey.server.model.internal.ResourceMethodInvocationHandlerFactory.lambda$static$0(ResourceMethodInvocationHandlerFactory.java:52) ~[nimbus-presentation.jar:?]
	at org.glassfish.jersey.server.model.internal.AbstractJavaResourceMethodDispatcher$1.run(AbstractJavaResourceMethodDispatcher.java:146) ~[nimbus-presentation.jar:?]
	at org.glassfish.jersey.server.model.internal.AbstractJavaResourceMethodDispatcher.invoke(AbstractJavaResourceMethodDispatcher.java:189) ~[nimbus-presentation.jar:?]
	at org.glassfish.jersey.server.model.internal.JavaResourceMethodDispatcherProvider$VoidOutInvoker.doDispatch(JavaResourceMethodDispatcherProvider.java:159) ~[nimbus-presentation.jar:?]
	at org.glassfish.jersey.server.model.internal.AbstractJavaResourceMethodDispatcher.dispatch(AbstractJavaResourceMethodDispatcher.java:93) ~[nimbus-presentation.jar:?]
	at org.glassfish.jersey.server.model.ResourceMethodInvoker.invoke(ResourceMethodInvoker.java:478) ~[nimbus-presentation.jar:?]
	at org.glassfish.jersey.server.model.ResourceMethodInvoker.apply(ResourceMethodInvoker.java:400) ~[nimbus-presentation.jar:?]
	at org.glassfish.jersey.server.model.ResourceMethodInvoker.apply(ResourceMethodInvoker.java:81) ~[nimbus-presentation.jar:?]
	at org.glassfish.jersey.server.ServerRuntime$1.run(ServerRuntime.java:263) ~[nimbus-presentation.jar:?]
	at org.glassfish.jersey.internal.Errors$1.call(Errors.java:248) ~[nimbus-presentation.jar:?]
	at org.glassfish.jersey.internal.Errors$1.call(Errors.java:244) ~[nimbus-presentation.jar:?]
	at org.glassfish.jersey.internal.Errors.process(Errors.java:292) ~[nimbus-presentation.jar:?]
	at org.glassfish.jersey.internal.Errors.process(Errors.java:274) ~[nimbus-presentation.jar:?]
	at org.glassfish.jersey.internal.Errors.process(Errors.java:244) ~[nimbus-presentation.jar:?]
	at org.glassfish.jersey.process.internal.RequestScope.runInScope(RequestScope.java:266) ~[nimbus-presentation.jar:?]
	at org.glassfish.jersey.server.ServerRuntime.process(ServerRuntime.java:242) ~[nimbus-presentation.jar:?]
	at org.glassfish.jersey.server.ApplicationHandler.handle(ApplicationHandler.java:704) ~[nimbus-presentation.jar:?]
	at org.glassfish.jersey.servlet.WebComponent.serviceImpl(WebComponent.java:420) ~[nimbus-presentation.jar:?]
	... 27 more
2025-06-10 10:48:28.414 [qtp1566099239-61] WARN  org.eclipse.jetty.ee10.servlet.ServletRequestState - unhandled due to prior sendError
jakarta.servlet.ServletException: java.lang.NullPointerException: Cannot invoke "java.util.concurrent.atomic.AtomicBoolean.getAcquire()" because "this.executing" is null
	at org.glassfish.jersey.servlet.WebComponent.serviceImpl(WebComponent.java:435) ~[nimbus-presentation.jar:?]
	at org.glassfish.jersey.servlet.WebComponent.service(WebComponent.java:372) ~[nimbus-presentation.jar:?]
	at org.glassfish.jersey.servlet.ServletContainer.service(ServletContainer.java:358) ~[nimbus-presentation.jar:?]
	at org.glassfish.jersey.servlet.ServletContainer.service(ServletContainer.java:312) ~[nimbus-presentation.jar:?]
	at org.glassfish.jersey.servlet.ServletContainer.service(ServletContainer.java:205) ~[nimbus-presentation.jar:?]
	at org.eclipse.jetty.ee10.servlet.ServletHolder.handle(ServletHolder.java:736) ~[nimbus-presentation.jar:?]
	at org.eclipse.jetty.ee10.servlet.ServletHandler$ChainEnd.doFilter(ServletHandler.java:1608) ~[nimbus-presentation.jar:?]
	at org.eclipse.jetty.ee10.websocket.servlet.WebSocketUpgradeFilter.doFilter(WebSocketUpgradeFilter.java:195) ~[nimbus-presentation.jar:?]
	at org.eclipse.jetty.ee10.servlet.FilterHolder.doFilter(FilterHolder.java:205) ~[nimbus-presentation.jar:?]
	at org.eclipse.jetty.ee10.servlet.ServletHandler$Chain.doFilter(ServletHandler.java:1580) ~[nimbus-presentation.jar:?]
	at org.eclipse.jetty.ee10.servlet.ServletHandler$MappedServlet.handle(ServletHandler.java:1541) ~[nimbus-presentation.jar:?]
	at org.eclipse.jetty.ee10.servlet.ServletChannel$RequestDispatchable.dispatch(ServletChannel.java:910) ~[nimbus-presentation.jar:?]
	at org.eclipse.jetty.ee10.servlet.ServletChannel.dispatch(ServletChannel.java:686) ~[nimbus-presentation.jar:?]
	at org.eclipse.jetty.ee10.servlet.ServletChannel.handle(ServletChannel.java:483) ~[nimbus-presentation.jar:?]
	at org.eclipse.jetty.ee10.servlet.ServletHandler.handle(ServletHandler.java:463) ~[nimbus-presentation.jar:?]
	at org.eclipse.jetty.ee10.servlet.SessionHandler.handle(SessionHandler.java:663) ~[nimbus-presentation.jar:?]
	at org.eclipse.jetty.server.handler.ContextHandler.handle(ContextHandler.java:808) ~[nimbus-presentation.jar:?]
	at org.eclipse.jetty.server.Handler$Wrapper.handle(Handler.java:596) ~[nimbus-presentation.jar:?]
	at org.eclipse.jetty.server.Server.handle(Server.java:177) ~[nimbus-presentation.jar:?]
	at org.eclipse.jetty.server.internal.HttpChannelState$HandlerInvoker.run(HttpChannelState.java:651) ~[nimbus-presentation.jar:?]
	at org.eclipse.jetty.server.internal.HttpConnection.onFillable(HttpConnection.java:480) ~[nimbus-presentation.jar:?]
	at org.eclipse.jetty.io.AbstractConnection$ReadCallback.succeeded(AbstractConnection.java:322) ~[nimbus-presentation.jar:?]
	at org.eclipse.jetty.io.FillInterest.fillable(FillInterest.java:100) ~[nimbus-presentation.jar:?]
	at org.eclipse.jetty.io.SelectableChannelEndPoint$1.run(SelectableChannelEndPoint.java:53) ~[nimbus-presentation.jar:?]
	at org.eclipse.jetty.util.thread.QueuedThreadPool.runJob(QueuedThreadPool.java:969) ~[nimbus-presentation.jar:?]
	at org.eclipse.jetty.util.thread.QueuedThreadPool$Runner.doRunJob(QueuedThreadPool.java:1194) ~[nimbus-presentation.jar:?]
	at org.eclipse.jetty.util.thread.QueuedThreadPool$Runner.run(QueuedThreadPool.java:1149) ~[nimbus-presentation.jar:?]
	at java.lang.Thread.run(Thread.java:1583) [?:?]
Caused by: java.lang.NullPointerException: Cannot invoke "java.util.concurrent.atomic.AtomicBoolean.getAcquire()" because "this.executing" is null
	at protocols.application.utils.DataDissemination.DataDisseminationApp.sendUserMessage(DataDisseminationApp.java:78) ~[nimbus-presentation.jar:?]
	at protocols.application.utils.DataDissemination.SimpleUseCase.sendUserMessage(SimpleUseCase.java:117) ~[nimbus-presentation.jar:?]
	at protocols.application.Adapter.systemStartup(Adapter.java:299) ~[nimbus-presentation.jar:?]
	at protocols.application.Adapter.createAsync(Adapter.java:125) ~[nimbus-presentation.jar:?]
	at pt.unl.di.novasys.babel.webservices.application.GenericWebServiceProtocol.create(GenericWebServiceProtocol.java:180) ~[nimbus-presentation.jar:?]
	at pt.unl.di.novasys.babel.webservices.GenericWebAPI.sendRequest(GenericWebAPI.java:93) ~[nimbus-presentation.jar:?]
	at rest.AdapterREST.addNode(AdapterREST.java:58) ~[nimbus-presentation.jar:?]
	at jdk.internal.reflect.DirectMethodHandleAccessor.invoke(DirectMethodHandleAccessor.java:103) ~[?:?]
	at java.lang.reflect.Method.invoke(Method.java:580) ~[?:?]
	at org.glassfish.jersey.server.model.internal.ResourceMethodInvocationHandlerFactory.lambda$static$0(ResourceMethodInvocationHandlerFactory.java:52) ~[nimbus-presentation.jar:?]
	at org.glassfish.jersey.server.model.internal.AbstractJavaResourceMethodDispatcher$1.run(AbstractJavaResourceMethodDispatcher.java:146) ~[nimbus-presentation.jar:?]
	at org.glassfish.jersey.server.model.internal.AbstractJavaResourceMethodDispatcher.invoke(AbstractJavaResourceMethodDispatcher.java:189) ~[nimbus-presentation.jar:?]
	at org.glassfish.jersey.server.model.internal.JavaResourceMethodDispatcherProvider$VoidOutInvoker.doDispatch(JavaResourceMethodDispatcherProvider.java:159) ~[nimbus-presentation.jar:?]
	at org.glassfish.jersey.server.model.internal.AbstractJavaResourceMethodDispatcher.dispatch(AbstractJavaResourceMethodDispatcher.java:93) ~[nimbus-presentation.jar:?]
	at org.glassfish.jersey.server.model.ResourceMethodInvoker.invoke(ResourceMethodInvoker.java:478) ~[nimbus-presentation.jar:?]
	at org.glassfish.jersey.server.model.ResourceMethodInvoker.apply(ResourceMethodInvoker.java:400) ~[nimbus-presentation.jar:?]
	at org.glassfish.jersey.server.model.ResourceMethodInvoker.apply(ResourceMethodInvoker.java:81) ~[nimbus-presentation.jar:?]
	at org.glassfish.jersey.server.ServerRuntime$1.run(ServerRuntime.java:263) ~[nimbus-presentation.jar:?]
	at org.glassfish.jersey.internal.Errors$1.call(Errors.java:248) ~[nimbus-presentation.jar:?]
	at org.glassfish.jersey.internal.Errors$1.call(Errors.java:244) ~[nimbus-presentation.jar:?]
	at org.glassfish.jersey.internal.Errors.process(Errors.java:292) ~[nimbus-presentation.jar:?]
	at org.glassfish.jersey.internal.Errors.process(Errors.java:274) ~[nimbus-presentation.jar:?]
	at org.glassfish.jersey.internal.Errors.process(Errors.java:244) ~[nimbus-presentation.jar:?]
	at org.glassfish.jersey.process.internal.RequestScope.runInScope(RequestScope.java:266) ~[nimbus-presentation.jar:?]
	at org.glassfish.jersey.server.ServerRuntime.process(ServerRuntime.java:242) ~[nimbus-presentation.jar:?]
	at org.glassfish.jersey.server.ApplicationHandler.handle(ApplicationHandler.java:704) ~[nimbus-presentation.jar:?]
	at org.glassfish.jersey.servlet.WebComponent.serviceImpl(WebComponent.java:420) ~[nimbus-presentation.jar:?]
	... 27 more
2025-06-10 10:49:54.260 [Thread-11] WARN  Main - Server stopped!
